Apache Maven 3.3.3 (7994120775791599e205a5524ec3e0dfe41d4a06; 2015-04-22T13:57:37+02:00)
Maven home: /usr/share/maven
Java version: 1.7.0_79, vendor: Oracle Corporation
Java home: /Library/Java/JavaVirtualMachines/jdk1.7.0_79.jdk/Contents/Home/jre
Default locale: en_US, platform encoding: UTF-8
OS name: "mac os x", version: "10.8.5", arch: "x86_64", family: "mac"
[INFO] Scanning for projects...
[ERROR] [ERROR] Some problems were encountered while processing the POMs:
[FATAL] Non-resolvable parent POM for test:child:1.0-SNAPSHOT: Failure to find test:parent:pom:1.0-SNAPSHOT in http://localhost:8081/nexus/content/groups/public was cached in the local repository, resolution will not be reattempted until the update interval of nexus has elapsed or updates are forced and 'parent.relativePath' points at wrong local POM @ line 5, column 11
 @ 
[ERROR] The build could not read 1 project -> [Help 1]
[ERROR]   
[ERROR]   The project test:child:1.0-SNAPSHOT (/Users/kama/ws-git/maven-bugs/MNG-5821/child/pom.xml) has 1 error
[ERROR]     Non-resolvable parent POM for test:child:1.0-SNAPSHOT: Failure to find test:parent:pom:1.0-SNAPSHOT in http://localhost:8081/nexus/content/groups/public was cached in the local repository, resolution will not be reattempted until the update interval of nexus has elapsed or updates are forced and 'parent.relativePath' points at wrong local POM @ line 5, column 11 -> [Help 2]
[ERROR] 
[ERROR] To see the full stack trace of the errors, re-run Maven with the -e switch.
[ERROR] Re-run Maven using the -X switch to enable full debug logging.
[ERROR] 
[ERROR] For more information about the errors and possible solutions, please read the following articles:
[ERROR] [Help 1] http://cwiki.apache.org/confluence/display/MAVEN/ProjectBuildingException
[ERROR] [Help 2] http://cwiki.apache.org/confluence/display/MAVEN/UnresolvableModelException
